Building...
[17:17:45 INF] Forker Service starting...
[17:17:45 INF] Service configured with name: ForkerDotNetSlowDrive
[17:17:45 INF] Initializing database...
[17:17:45 INF] Initializing SQLite database...
[17:17:45 ERR] Failed to initialize SQLite database
Microsoft.Data.Sqlite.SqliteException (0x80004005): SQLite Error 14: 'unable to open database file'.
   at Microsoft.Data.Sqlite.SqliteException.ThrowExceptionForRC(Int32 rc, sqlite3 db)
   at Microsoft.Data.Sqlite.SqliteConnectionInternal..ctor(SqliteConnectionStringBuilder connectionOptions, SqliteConnectionPool pool)
   at Microsoft.Data.Sqlite.SqliteConnectionPool.GetConnection()
   at Microsoft.Data.Sqlite.SqliteConnectionFactory.GetConnection(SqliteConnection outerConnection)
   at Microsoft.Data.Sqlite.SqliteConnection.Open()
   at System.Data.Common.DbConnection.OpenAsync(CancellationToken cancellationToken)
--- End of stack trace from previous location ---
   at Forker.Infrastructure.Database.SqliteConnectionFactory.CreateOpenConnectionAsync(CancellationToken cancellationToken) in C:\Dev\win_repos\forkerDotNet\src\Forker.Infrastructure\Database\SqliteConnectionFactory.cs:line 50
   at Forker.Infrastructure.Database.SqliteConnectionFactory.CreateOpenConnectionAsync(CancellationToken cancellationToken) in C:\Dev\win_repos\forkerDotNet\src\Forker.Infrastructure\Database\SqliteConnectionFactory.cs:line 57
   at Forker.Infrastructure.Database.SqliteConnectionFactory.InitializeDatabaseAsync(CancellationToken cancellationToken) in C:\Dev\win_repos\forkerDotNet\src\Forker.Infrastructure\Database\SqliteConnectionFactory.cs:line 78
[17:17:45 FTL] Application terminated unexpectedly
Microsoft.Data.Sqlite.SqliteException (0x80004005): SQLite Error 14: 'unable to open database file'.
   at Microsoft.Data.Sqlite.SqliteException.ThrowExceptionForRC(Int32 rc, sqlite3 db)
   at Microsoft.Data.Sqlite.SqliteConnectionInternal..ctor(SqliteConnectionStringBuilder connectionOptions, SqliteConnectionPool pool)
   at Microsoft.Data.Sqlite.SqliteConnectionPool.GetConnection()
   at Microsoft.Data.Sqlite.SqliteConnectionFactory.GetConnection(SqliteConnection outerConnection)
   at Microsoft.Data.Sqlite.SqliteConnection.Open()
   at System.Data.Common.DbConnection.OpenAsync(CancellationToken cancellationToken)
--- End of stack trace from previous location ---
   at Forker.Infrastructure.Database.SqliteConnectionFactory.CreateOpenConnectionAsync(CancellationToken cancellationToken) in C:\Dev\win_repos\forkerDotNet\src\Forker.Infrastructure\Database\SqliteConnectionFactory.cs:line 50
   at Forker.Infrastructure.Database.SqliteConnectionFactory.CreateOpenConnectionAsync(CancellationToken cancellationToken) in C:\Dev\win_repos\forkerDotNet\src\Forker.Infrastructure\Database\SqliteConnectionFactory.cs:line 57
   at Forker.Infrastructure.Database.SqliteConnectionFactory.InitializeDatabaseAsync(CancellationToken cancellationToken) in C:\Dev\win_repos\forkerDotNet\src\Forker.Infrastructure\Database\SqliteConnectionFactory.cs:line 78
   at Forker.Infrastructure.DependencyInjection.ServiceCollectionExtensions.InitializeForkerDatabaseAsync(IServiceProvider serviceProvider, CancellationToken cancellationToken) in C:\Dev\win_repos\forkerDotNet\src\Forker.Infrastructure\DependencyInjection\ServiceCollectionExtensions.cs:line 110
   at Program.<Main>$(String[] args) in C:\Dev\win_repos\forkerDotNet\src\Forker.Service\Program.cs:line 61
[17:17:45 INF] Forker Service stopping...
Unhandled exception. Microsoft.Data.Sqlite.SqliteException (0x80004005): SQLite Error 14: 'unable to open database file'.
   at Microsoft.Data.Sqlite.SqliteException.ThrowExceptionForRC(Int32 rc, sqlite3 db)
   at Microsoft.Data.Sqlite.SqliteConnectionInternal..ctor(SqliteConnectionStringBuilder connectionOptions, SqliteConnectionPool pool)
   at Microsoft.Data.Sqlite.SqliteConnectionPool.GetConnection()
   at Microsoft.Data.Sqlite.SqliteConnectionFactory.GetConnection(SqliteConnection outerConnection)
   at Microsoft.Data.Sqlite.SqliteConnection.Open()
   at System.Data.Common.DbConnection.OpenAsync(CancellationToken cancellationToken)
--- End of stack trace from previous location ---
   at Forker.Infrastructure.Database.SqliteConnectionFactory.CreateOpenConnectionAsync(CancellationToken cancellationToken) in C:\Dev\win_repos\forkerDotNet\src\Forker.Infrastructure\Database\SqliteConnectionFactory.cs:line 50
   at Forker.Infrastructure.Database.SqliteConnectionFactory.CreateOpenConnectionAsync(CancellationToken cancellationToken) in C:\Dev\win_repos\forkerDotNet\src\Forker.Infrastructure\Database\SqliteConnectionFactory.cs:line 57
   at Forker.Infrastructure.Database.SqliteConnectionFactory.InitializeDatabaseAsync(CancellationToken cancellationToken) in C:\Dev\win_repos\forkerDotNet\src\Forker.Infrastructure\Database\SqliteConnectionFactory.cs:line 78
   at Forker.Infrastructure.DependencyInjection.ServiceCollectionExtensions.InitializeForkerDatabaseAsync(IServiceProvider serviceProvider, CancellationToken cancellationToken) in C:\Dev\win_repos\forkerDotNet\src\Forker.Infrastructure\DependencyInjection\ServiceCollectionExtensions.cs:line 110
   at Program.<Main>$(String[] args) in C:\Dev\win_repos\forkerDotNet\src\Forker.Service\Program.cs:line 61
   at Program.<Main>(String[] args)
